{"numTotalTestSuites":4,"numPassedTestSuites":4,"numFailedTestSuites":0,"numPendingTestSuites":0,"numTotalTests":3,"numPassedTests":3,"numFailedTests":0,"numPendingTests":0,"numTodoTests":0,"snapshot":{"added":0,"failure":false,"filesAdded":0,"filesRemoved":0,"filesRemovedList":[],"filesUnmatched":0,"filesUpdated":0,"matched":0,"total":0,"unchecked":0,"uncheckedKeysByFile":[],"unmatched":0,"updated":0,"didUpdate":false},"startTime":1789021363293,"success":true,"testResults":[{"assertionResults":[{"ancestorTitles":["AccountCard"],"fullName":"AccountCard showFullNo 가 false 면 계좌번호가 마스킹되어 보인다","status":"passed","title":"showFullNo 가 false 면 계좌번호가 마스킹되어 보인다","duration":31.69509999999991,"failureMessages":[],"meta":{},"tags":[],"benchmarks":[]}],"startTime":1789021364186,"endTime":1789021364217.695,"status":"passed","message":"","name":"C:/ITStudy/02_react/won-banking-mini/src/components/AccountCard.test.jsx"},{"assertionResults":[{"ancestorTitles":["format 유틸"],"fullName":"format 유틸 formatWon: 숫자를 \"1,523,000원\" 형태로 바꾼다","status":"passed","title":"formatWon: 숫자를 \"1,523,000원\" 형태로 바꾼다","duration":12.018300000000067,"failureMessages":[],"meta":{},"tags":[],"benchmarks":[]},{"ancestorTitles":["format 유틸"],"fullName":"format 유틸 maskAccountNo: 계좌번호 앞을 가리고 마지막 한 자리만 보여준다","status":"passed","title":"maskAccountNo: 계좌번호 앞을 가리고 마지막 한 자리만 보여준다","duration":0.24289999999996326,"failureMessages":[],"meta":{},"tags":[],"benchmarks":[]}],"startTime":1789021364146,"endTime":1789021364158.243,"status":"passed","message":"","name":"C:/ITStudy/02_react/won-banking-mini/src/utils/format.test.js"}]}