<?xml version="1.0" encoding="UTF-8"?>
<coverage generated="1789021263729" clover="3.2.0">
  <project timestamp="1789021263729" name="All files">
    <metrics statements="14" coveredstatements="12" conditionals="4" coveredconditionals="2" methods="9" coveredmethods="7" elements="27" coveredelements="21" complexity="0" loc="14" ncloc="14" packages="3" files="5" classes="5"/>
    <package name="components">
      <metrics statements="5" coveredstatements="5" conditionals="2" coveredconditionals="1" methods="2" coveredmethods="2"/>
      <file name="AccountCard.jsx" path="C:\ITStudy\02_react\won-banking-mini\src\components\AccountCard.jsx">
        <metrics statements="2" coveredstatements="2" conditionals="2" coveredconditionals="1" methods="1" coveredmethods="1"/>
        <line num="14" count="1" type="stmt"/>
        <line num="16" count="1" type="stmt"/>
      </file>
      <file name="StatusBadge.jsx" path="C:\ITStudy\02_react\won-banking-mini\src\components\StatusBadge.jsx">
        <metrics statements="3" coveredstatements="3" conditionals="0" coveredconditionals="0" methods="1" coveredmethods="1"/>
        <line num="3" count="1" type="stmt"/>
        <line num="12" count="1" type="stmt"/>
        <line num="14" count="1" type="stmt"/>
      </file>
    </package>
    <package name="contexts">
      <metrics statements="6" coveredstatements="4" conditionals="0" coveredconditionals="0" methods="4" coveredmethods="2"/>
      <file name="StatusContext.jsx" path="C:\ITStudy\02_react\won-banking-mini\src\contexts\StatusContext.jsx">
        <metrics statements="3" coveredstatements="2" conditionals="0" coveredconditionals="0" methods="2" coveredmethods="1"/>
        <line num="3" count="1" type="stmt"/>
        <line num="6" count="0" type="stmt"/>
        <line num="12" count="2" type="stmt"/>
      </file>
      <file name="UserContext.jsx" path="C:\ITStudy\02_react\won-banking-mini\src\contexts\UserContext.jsx">
        <metrics statements="3" coveredstatements="2" conditionals="0" coveredconditionals="0" methods="2" coveredmethods="1"/>
        <line num="4" count="1" type="stmt"/>
        <line num="7" count="1" type="stmt"/>
        <line num="11" count="0" type="stmt"/>
      </file>
    </package>
    <package name="utils">
      <metrics statements="3" coveredstatements="3" conditionals="2" coveredconditionals="1" methods="3" coveredmethods="3"/>
      <file name="format.js" path="C:\ITStudy\02_react\won-banking-mini\src\utils\format.js">
        <metrics statements="3" coveredstatements="3" conditionals="2" coveredconditionals="1" methods="3" coveredmethods="3"/>
        <line num="4" count="2" type="stmt"/>
        <line num="10" count="2" type="stmt"/>
        <line num="15" count="1" type="cond" truecount="1" falsecount="1"/>
      </file>
    </package>
  </project>
</coverage>
