{"C:\\ITStudy\\02_react\\won-banking-mini\\src\\components\\AccountCard.jsx": {"path":"C:\\ITStudy\\02_react\\won-banking-mini\\src\\components\\AccountCard.jsx","statementMap":{"0":{"start":{"line":14,"column":17},"end":{"line":14,"column":27}},"1":{"start":{"line":16,"column":2},"end":{"line":37,"column":null}}},"fnMap":{"0":{"name":"AccountCard","decl":{"start":{"line":6,"column":9},"end":{"line":6,"column":21}},"loc":{"start":{"line":13,"column":3},"end":{"line":39,"column":null}},"line":13}},"branchMap":{"0":{"loc":{"start":{"line":23,"column":9},"end":{"line":23,"column":null}},"type":"cond-expr","locations":[{"start":{"line":23,"column":22},"end":{"line":23,"column":34}},{"start":{"line":23,"column":34},"end":{"line":23,"column":null}}],"line":23}},"s":{"0":1,"1":1},"f":{"0":1},"b":{"0":[0,1]},"meta":{"lastBranch":1,"lastFunction":1,"lastStatement":2,"seen":{"f:6:9:6:21":0,"s:14:17:14:27":0,"s:16:2:37:Infinity":1,"b:23:22:23:34:23:34:23:Infinity":0},"fnNames":{}}}
,"C:\\ITStudy\\02_react\\won-banking-mini\\src\\components\\StatusBadge.jsx": {"path":"C:\\ITStudy\\02_react\\won-banking-mini\\src\\components\\StatusBadge.jsx","statementMap":{"0":{"start":{"line":3,"column":15},"end":{"line":8,"column":null}},"1":{"start":{"line":12,"column":17},"end":{"line":12,"column":27}},"2":{"start":{"line":14,"column":2},"end":{"line":17,"column":null}}},"fnMap":{"0":{"name":"StatusBadge","decl":{"start":{"line":11,"column":9},"end":{"line":11,"column":23}},"loc":{"start":{"line":11,"column":23},"end":{"line":19,"column":null}},"line":11}},"branchMap":{},"s":{"0":1,"1":1,"2":1},"f":{"0":1},"b":{},"meta":{"lastBranch":0,"lastFunction":1,"lastStatement":3,"seen":{"s:3:15:8:Infinity":0,"f:11:9:11:23":0,"s:12:17:12:27":1,"s:14:2:17:Infinity":2},"fnNames":{}}}
,"C:\\ITStudy\\02_react\\won-banking-mini\\src\\contexts\\StatusContext.jsx": {"path":"C:\\ITStudy\\02_react\\won-banking-mini\\src\\contexts\\StatusContext.jsx","statementMap":{"0":{"start":{"line":3,"column":22},"end":{"line":3,"column":null}},"1":{"start":{"line":6,"column":2},"end":{"line":7,"column":null}},"2":{"start":{"line":12,"column":2},"end":{"line":12,"column":null}}},"fnMap":{"0":{"name":"StatusProvider","decl":{"start":{"line":5,"column":16},"end":{"line":5,"column":31}},"loc":{"start":{"line":5,"column":53},"end":{"line":9,"column":null}},"line":5},"1":{"name":"useStatus","decl":{"start":{"line":11,"column":16},"end":{"line":11,"column":28}},"loc":{"start":{"line":11,"column":28},"end":{"line":13,"column":null}},"line":11}},"branchMap":{},"s":{"0":1,"1":0,"2":2},"f":{"0":0,"1":2},"b":{},"meta":{"lastBranch":0,"lastFunction":2,"lastStatement":3,"seen":{"s:3:22:3:Infinity":0,"f:5:16:5:31":0,"s:6:2:7:Infinity":1,"f:11:16:11:28":1,"s:12:2:12:Infinity":2},"fnNames":{}}}
,"C:\\ITStudy\\02_react\\won-banking-mini\\src\\contexts\\UserContext.jsx": {"path":"C:\\ITStudy\\02_react\\won-banking-mini\\src\\contexts\\UserContext.jsx","statementMap":{"0":{"start":{"line":4,"column":20},"end":{"line":4,"column":null}},"1":{"start":{"line":7,"column":2},"end":{"line":7,"column":null}},"2":{"start":{"line":11,"column":2},"end":{"line":11,"column":null}}},"fnMap":{"0":{"name":"UserProvider","decl":{"start":{"line":6,"column":16},"end":{"line":6,"column":29}},"loc":{"start":{"line":6,"column":49},"end":{"line":8,"column":null}},"line":6},"1":{"name":"useUser","decl":{"start":{"line":10,"column":16},"end":{"line":10,"column":26}},"loc":{"start":{"line":10,"column":26},"end":{"line":12,"column":null}},"line":10}},"branchMap":{},"s":{"0":1,"1":1,"2":0},"f":{"0":1,"1":0},"b":{},"meta":{"lastBranch":0,"lastFunction":2,"lastStatement":3,"seen":{"s:4:20:4:Infinity":0,"f:6:16:6:29":0,"s:7:2:7:Infinity":1,"f:10:16:10:26":1,"s:11:2:11:Infinity":2},"fnNames":{}}}
,"C:\\ITStudy\\02_react\\won-banking-mini\\src\\utils\\format.js": {"path":"C:\\ITStudy\\02_react\\won-banking-mini\\src\\utils\\format.js","statementMap":{"0":{"start":{"line":4,"column":2},"end":{"line":4,"column":null}},"1":{"start":{"line":10,"column":2},"end":{"line":10,"column":null}},"2":{"start":{"line":15,"column":2},"end":{"line":15,"column":null}}},"fnMap":{"0":{"name":"formatWon","decl":{"start":{"line":3,"column":16},"end":{"line":3,"column":26}},"loc":{"start":{"line":3,"column":34},"end":{"line":5,"column":null}},"line":3},"1":{"name":"maskAccountNo","decl":{"start":{"line":9,"column":16},"end":{"line":9,"column":30}},"loc":{"start":{"line":9,"column":34},"end":{"line":11,"column":null}},"line":9},"2":{"name":"formatWonMasked","decl":{"start":{"line":14,"column":16},"end":{"line":14,"column":32}},"loc":{"start":{"line":14,"column":46},"end":{"line":16,"column":null}},"line":14}},"branchMap":{"0":{"loc":{"start":{"line":15,"column":9},"end":{"line":15,"column":null}},"type":"cond-expr","locations":[{"start":{"line":15,"column":16},"end":{"line":15,"column":28}},{"start":{"line":15,"column":28},"end":{"line":15,"column":null}}],"line":15}},"s":{"0":2,"1":2,"2":1},"f":{"0":2,"1":2,"2":1},"b":{"0":[0,1]},"meta":{"lastBranch":1,"lastFunction":3,"lastStatement":3,"seen":{"f:3:16:3:26":0,"s:4:2:4:Infinity":0,"f:9:16:9:30":1,"s:10:2:10:Infinity":1,"f:14:16:14:32":2,"s:15:2:15:Infinity":2,"b:15:16:15:28:15:28:15:Infinity":0},"fnNames":{}}}
}
